e:\[code]\ntucoursework\c++\chess\chess-express\chessexpress\chessapp\x64\debug\vc143.pdb
e:\[code]\ntucoursework\c++\chess\chess-express\chessexpress\chessapp\x64\debug\vc143.idb
e:\[code]\ntucoursework\c++\chess\chess-express\chessexpress\chessapp\x64\debug\main.obj
e:\[code]\ntucoursework\c++\chess\chess-express\chessexpress\chessapp\x64\debug\game.obj
e:\[code]\ntucoursework\c++\chess\chess-express\chessexpress\chessapp\x64\debug\graphics.obj
e:\[code]\ntucoursework\c++\chess\chess-express\chessexpress\chessapp\x64\debug\window.obj
e:\[code]\ntucoursework\c++\chess\chess-express\chessexpress\chessapp\x64\debug\piece.obj
e:\[code]\ntucoursework\c++\chess\chess-express\chessexpress\chessapp\x64\debug\board.obj
e:\[code]\ntucoursework\c++\chess\chess-express\chessexpress\chessapp\x64\debug\constants.obj
e:\[code]\ntucoursework\c++\chess\chess-express\chessexpress\chessapp\x64\debug\inputs.obj
e:\[code]\ntucoursework\c++\chess\chess-express\chessexpress\chessapp\x64\debug\rook.obj
e:\[code]\ntucoursework\c++\chess\chess-express\chessexpress\chessapp\x64\debug\queen.obj
e:\[code]\ntucoursework\c++\chess\chess-express\chessexpress\chessapp\x64\debug\pawn.obj
e:\[code]\ntucoursework\c++\chess\chess-express\chessexpress\chessapp\x64\debug\knight.obj
e:\[code]\ntucoursework\c++\chess\chess-express\chessexpress\chessapp\x64\debug\king.obj
e:\[code]\ntucoursework\c++\chess\chess-express\chessexpress\chessapp\x64\debug\bishop.obj
e:\[code]\ntucoursework\c++\chess\chess-express\chessexpress\x64\debug\chessapp.exe
e:\[code]\ntucoursework\c++\chess\chess-express\chessexpress\chessapp\x64\debug\chessapp.ilk
e:\[code]\ntucoursework\c++\chess\chess-express\chessexpress\x64\debug\chessapp.pdb
e:\[code]\ntucoursework\c++\chess\chess-express\chessexpress\chessapp\x64\debug\chessapp.res
e:\[code]\ntucoursework\c++\chess\chess-express\chessexpress\chessapp\x64\debug\board.obj.enc
e:\[code]\ntucoursework\c++\chess\chess-express\chessexpress\chessapp\x64\debug\main.obj.enc
e:\[code]\ntucoursework\c++\chess\chess-express\chessexpress\chessapp\x64\debug\chessapp.tlog\cl.command.1.tlog
e:\[code]\ntucoursework\c++\chess\chess-express\chessexpress\chessapp\x64\debug\chessapp.tlog\cl.read.1.tlog
e:\[code]\ntucoursework\c++\chess\chess-express\chessexpress\chessapp\x64\debug\chessapp.tlog\cl.write.1.tlog
e:\[code]\ntucoursework\c++\chess\chess-express\chessexpress\chessapp\x64\debug\chessapp.tlog\link.command.1.tlog
e:\[code]\ntucoursework\c++\chess\chess-express\chessexpress\chessapp\x64\debug\chessapp.tlog\link.read.1.tlog
e:\[code]\ntucoursework\c++\chess\chess-express\chessexpress\chessapp\x64\debug\chessapp.tlog\link.write.1.tlog
e:\[code]\ntucoursework\c++\chess\chess-express\chessexpress\chessapp\x64\debug\chessapp.tlog\rc.command.1.tlog
e:\[code]\ntucoursework\c++\chess\chess-express\chessexpress\chessapp\x64\debug\chessapp.tlog\rc.read.1.tlog
e:\[code]\ntucoursework\c++\chess\chess-express\chessexpress\chessapp\x64\debug\chessapp.tlog\rc.write.1.tlog
